<?xml version="1.0" encoding="UTF-8"?>
<!-- Generated by org.testng.reporters.JUnitReportReporter -->
<testsuite hostname="8a8e6592edc9" name="io.swagger.codegen.cmd.utils.OptionUtilsTest" tests="2" failures="0" timestamp="6 Nov 2018 05:08:44 GMT" time="0.007" errors="0">
  <testcase name="testParseCommaSeparatedTuples" time="0.001" classname="io.swagger.codegen.cmd.utils.OptionUtilsTest"/>
  <testcase name="splitCommaSeparatedList" time="0.006" classname="io.swagger.codegen.cmd.utils.OptionUtilsTest"/>
</testsuite> <!-- io.swagger.codegen.cmd.utils.OptionUtilsTest -->
