<?xml version="1.0" encoding="UTF-8"?>
<!-- Generated by org.testng.reporters.JUnitReportReporter -->
<testsuite hostname="8a8e6592edc9" name="io.swagger.generator.GeneratorInputTest" tests="1" failures="0" timestamp="6 Nov 2018 05:13:36 GMT" time="0.006" errors="0">
  <testcase name="writeObjectTest" time="0.006" classname="io.swagger.generator.GeneratorInputTest"/>
</testsuite> <!-- io.swagger.generator.GeneratorInputTest -->
